TryoneTry/Intermediate/Android/armv7/gradle/app/build/intermediates/manifest_merge_blame_file/debug/manifest-merger-blame-debug-report.txt
1<?xml version="1.0" encoding="utf-8"?>
2<manifest xmlns:android="http://schemas.android.com/apk/res/android"
3    package="com.YourCompany.TryoneTry"
4    android:installLocation="internalOnly"
5    android:versionCode="1"
6    android:versionName="1.0" >
7
8    <uses-sdk
9        android:minSdkVersion="19"
9-->src\main\AndroidManifest.xml
10        android:targetSdkVersion="28" />
10-->src\main\AndroidManifest.xml
11    <!-- Requirements -->
12    <uses-feature
12-->src\main\AndroidManifest.xml:47:3-76
13        android:glEsVersion="0x00030001"
13-->src\main\AndroidManifest.xml:47:17-49
14        android:required="true" />
14-->src\main\AndroidManifest.xml:47:50-73
15
16    <uses-permission android:name="android.permission.INTERNET" />
16-->src\main\AndroidManifest.xml:48:3-65
16-->src\main\AndroidManifest.xml:48:20-62
17    <uses-permission android:name="android.permission.WRITE_EXTERNAL_STORAGE" />
17-->src\main\AndroidManifest.xml:49:3-79
17-->src\main\AndroidManifest.xml:49:20-76
18    <uses-permission android:name="android.permission.ACCESS_NETWORK_STATE" />
18-->src\main\AndroidManifest.xml:50:3-77
18-->src\main\AndroidManifest.xml:50:20-74
19    <uses-permission android:name="android.permission.WAKE_LOCK" />
19-->src\main\AndroidManifest.xml:51:3-66
19-->src\main\AndroidManifest.xml:51:20-63
20    <uses-permission android:name="com.android.vending.CHECK_LICENSE" />
20-->src\main\AndroidManifest.xml:52:3-71
20-->src\main\AndroidManifest.xml:52:20-68
21    <uses-permission android:name="android.permission.ACCESS_WIFI_STATE" />
21-->src\main\AndroidManifest.xml:53:3-74
21-->src\main\AndroidManifest.xml:53:20-71
22    <uses-permission android:name="android.permission.MODIFY_AUDIO_SETTINGS" />
22-->src\main\AndroidManifest.xml:54:3-78
22-->src\main\AndroidManifest.xml:54:20-75
23    <uses-permission android:name="android.permission.VIBRATE" />
23-->src\main\AndroidManifest.xml:55:3-64
23-->src\main\AndroidManifest.xml:55:20-61
24    <uses-permission android:name="com.android.vending.BILLING" />
24-->src\main\AndroidManifest.xml:56:3-65
24-->src\main\AndroidManifest.xml:56:20-62
25    <!-- Application Definition -->
26    <application
26-->src\main\AndroidManifest.xml:3:3-45:17
27        android:name="com.epicgames.ue4.GameApplication"
27-->src\main\AndroidManifest.xml:3:114-162
28        android:debuggable="true"
29        android:hardwareAccelerated="true"
29-->src\main\AndroidManifest.xml:3:79-113
30        android:hasCode="true"
30-->src\main\AndroidManifest.xml:3:163-185
31        android:icon="@drawable/icon"
31-->src\main\AndroidManifest.xml:3:49-78
32        android:label="@string/app_name" >
32-->src\main\AndroidManifest.xml:3:16-48
33        <activity
33-->src\main\AndroidManifest.xml:4:5-9:16
34            android:name="com.epicgames.ue4.SplashActivity"
34-->src\main\AndroidManifest.xml:4:15-62
35            android:debuggable="true"
35-->src\main\AndroidManifest.xml:4:210-235
36            android:label="@string/app_name"
36-->src\main\AndroidManifest.xml:4:63-95
37            android:launchMode="singleTask"
37-->src\main\AndroidManifest.xml:4:134-165
38            android:screenOrientation="sensorLandscape"
38-->src\main\AndroidManifest.xml:4:166-209
39            android:theme="@style/UE4SplashTheme" >
39-->src\main\AndroidManifest.xml:4:96-133
40            <intent-filter>
40-->src\main\AndroidManifest.xml:5:7-8:23
41                <action android:name="android.intent.action.MAIN" />
41-->src\main\AndroidManifest.xml:6:9-61
41-->src\main\AndroidManifest.xml:6:17-58
42
43                <category android:name="android.intent.category.LAUNCHER" />
43-->src\main\AndroidManifest.xml:7:9-69
43-->src\main\AndroidManifest.xml:7:19-66
44            </intent-filter>
45        </activity>
46        <activity
46-->src\main\AndroidManifest.xml:10:5-12:16
47            android:name="com.epicgames.ue4.GameActivity"
47-->src\main\AndroidManifest.xml:10:15-60
48            android:configChanges="mcc|mnc|uiMode|density|screenSize|smallestScreenSize|screenLayout|orientation|keyboardHidden|keyboard"
48-->src\main\AndroidManifest.xml:10:132-257
49            android:debuggable="true"
49-->src\main\AndroidManifest.xml:10:369-394
50            android:label="@string/app_name"
50-->src\main\AndroidManifest.xml:10:61-93
51            android:launchMode="singleTask"
51-->src\main\AndroidManifest.xml:10:293-324
52            android:resizeableActivity="false"
52-->src\main\AndroidManifest.xml:10:258-292
53            android:screenOrientation="sensorLandscape"
53-->src\main\AndroidManifest.xml:10:325-368
54            android:theme="@style/UE4SplashTheme" >
54-->src\main\AndroidManifest.xml:10:94-131
55            <meta-data
55-->src\main\AndroidManifest.xml:11:7-76
56                android:name="android.app.lib_name"
56-->src\main\AndroidManifest.xml:11:18-53
57                android:value="UE4" />
57-->src\main\AndroidManifest.xml:11:54-73
58        </activity>
59        <activity
59-->src\main\AndroidManifest.xml:13:5-228
60            android:name="com.YourCompany.TryoneTry.DownloaderActivity"
60-->src\main\AndroidManifest.xml:13:15-49
61            android:configChanges="mcc|mnc|uiMode|density|screenSize|orientation|keyboardHidden|keyboard"
61-->src\main\AndroidManifest.xml:13:94-187
62            android:screenOrientation="sensorLandscape"
62-->src\main\AndroidManifest.xml:13:50-93
63            android:theme="@style/UE4SplashTheme" />
63-->src\main\AndroidManifest.xml:13:188-225
64
65        <meta-data
65-->src\main\AndroidManifest.xml:14:5-101
66            android:name="com.epicgames.ue4.GameActivity.EngineVersion"
66-->src\main\AndroidManifest.xml:14:16-75
67            android:value="4.25.3" />
67-->src\main\AndroidManifest.xml:14:76-98
68        <meta-data
68-->src\main\AndroidManifest.xml:15:5-112
69            android:name="com.epicgames.ue4.GameActivity.EngineBranch"
69-->src\main\AndroidManifest.xml:15:16-74
70            android:value="++UE4+Release-4.25" />
70-->src\main\AndroidManifest.xml:15:75-109
71        <meta-data
71-->src\main\AndroidManifest.xml:16:5-103
72            android:name="com.epicgames.ue4.GameActivity.ProjectVersion"
72-->src\main\AndroidManifest.xml:16:16-76
73            android:value="1.0.0.0" />
73-->src\main\AndroidManifest.xml:16:77-100
74        <meta-data
74-->src\main\AndroidManifest.xml:17:5-104
75            android:name="com.epicgames.ue4.GameActivity.DepthBufferPreference"
75-->src\main\AndroidManifest.xml:17:16-83
76            android:value="0" />
76-->src\main\AndroidManifest.xml:17:84-101
77        <meta-data
77-->src\main\AndroidManifest.xml:18:5-107
78            android:name="com.epicgames.ue4.GameActivity.bPackageDataInsideApk"
78-->src\main\AndroidManifest.xml:18:16-83
79            android:value="true" />
79-->src\main\AndroidManifest.xml:18:84-104
80        <meta-data
80-->src\main\AndroidManifest.xml:19:5-106
81            android:name="com.epicgames.ue4.GameActivity.bVerifyOBBOnStartUp"
81-->src\main\AndroidManifest.xml:19:16-81
82            android:value="false" />
82-->src\main\AndroidManifest.xml:19:82-103
83        <meta-data
83-->src\main\AndroidManifest.xml:20:5-99
84            android:name="com.epicgames.ue4.GameActivity.bShouldHideUI"
84-->src\main\AndroidManifest.xml:20:16-75
85            android:value="true" />
85-->src\main\AndroidManifest.xml:20:76-96
86        <meta-data
86-->src\main\AndroidManifest.xml:21:5-102
87            android:name="com.epicgames.ue4.GameActivity.ProjectName"
87-->src\main\AndroidManifest.xml:21:16-73
88            android:value="TryoneTry" />
88-->src\main\AndroidManifest.xml:21:74-99
89        <meta-data
89-->src\main\AndroidManifest.xml:22:5-89
90            android:name="com.epicgames.ue4.GameActivity.AppType"
90-->src\main\AndroidManifest.xml:22:16-69
91            android:value="" />
91-->src\main\AndroidManifest.xml:22:70-86
92        <meta-data
92-->src\main\AndroidManifest.xml:23:5-98
93            android:name="com.epicgames.ue4.GameActivity.bHasOBBFiles"
93-->src\main\AndroidManifest.xml:23:16-74
94            android:value="true" />
94-->src\main\AndroidManifest.xml:23:75-95
95        <meta-data
95-->src\main\AndroidManifest.xml:24:5-111
96            android:name="com.epicgames.ue4.GameActivity.BuildConfiguration"
96-->src\main\AndroidManifest.xml:24:16-80
97            android:value="Development" />
97-->src\main\AndroidManifest.xml:24:81-108
98        <meta-data
98-->src\main\AndroidManifest.xml:25:5-108
99            android:name="com.epicgames.ue4.GameActivity.CookedFlavors"
99-->src\main\AndroidManifest.xml:25:16-75
100            android:value="ETC2,DXT,ASTC" />
100-->src\main\AndroidManifest.xml:25:76-105
101        <meta-data
101-->src\main\AndroidManifest.xml:26:5-109
102            android:name="com.epicgames.ue4.GameActivity.bValidateTextureFormats"
102-->src\main\AndroidManifest.xml:26:16-85
103            android:value="true" />
103-->src\main\AndroidManifest.xml:26:86-106
104        <meta-data
104-->src\main\AndroidManifest.xml:27:5-107
105            android:name="com.epicgames.ue4.GameActivity.bUseExternalFilesDir"
105-->src\main\AndroidManifest.xml:27:16-82
106            android:value="false" />
106-->src\main\AndroidManifest.xml:27:83-104
107        <meta-data
107-->src\main\AndroidManifest.xml:28:5-102
108            android:name="com.epicgames.ue4.GameActivity.bPublicLogFiles"
108-->src\main\AndroidManifest.xml:28:16-77
109            android:value="false" />
109-->src\main\AndroidManifest.xml:28:78-99
110        <meta-data
110-->src\main\AndroidManifest.xml:29:5-104
111            android:name="com.epicgames.ue4.GameActivity.bUseDisplayCutout"
111-->src\main\AndroidManifest.xml:29:16-79
112            android:value="false" />
112-->src\main\AndroidManifest.xml:29:80-101
113        <meta-data
113-->src\main\AndroidManifest.xml:30:5-95
114            android:name="com.epicgames.ue4.GameActivity.bAllowIMU"
114-->src\main\AndroidManifest.xml:30:16-71
115            android:value="true" />
115-->src\main\AndroidManifest.xml:30:72-92
116        <meta-data
116-->src\main\AndroidManifest.xml:31:5-102
117            android:name="com.epicgames.ue4.GameActivity.bSupportsVulkan"
117-->src\main\AndroidManifest.xml:31:16-77
118            android:value="false" />
118-->src\main\AndroidManifest.xml:31:78-99
119        <meta-data
119-->src\main\AndroidManifest.xml:32:5-141
120            android:name="com.epicgames.ue4.GameActivity.StartupPermissions"
120-->src\main\AndroidManifest.xml:32:16-80
121            android:value="android.permission.WRITE_EXTERNAL_STORAGE" />
121-->src\main\AndroidManifest.xml:32:81-138
122        <meta-data
122-->src\main\AndroidManifest.xml:33:5-100
123            android:name="com.google.android.gms.games.APP_ID"
123-->src\main\AndroidManifest.xml:33:16-66
124            android:value="@string/app_id" />
124-->src\main\AndroidManifest.xml:33:67-97
125        <meta-data
125-->src\main\AndroidManifest.xml:34:5-118
126            android:name="com.google.android.gms.version"
126-->src\main\AndroidManifest.xml:34:16-61
127            android:value="@integer/google_play_services_version" />
127-->src\main\AndroidManifest.xml:34:62-115
128
129        <activity
129-->src\main\AndroidManifest.xml:35:5-180
130            android:name="com.google.android.gms.ads.AdActivity"
130-->src\main\AndroidManifest.xml:35:15-67
131            android:configChanges="keyboard|keyboardHidden|orientation|screenLayout|uiMode|screenSize|smallestScreenSize" />
131-->src\main\AndroidManifest.xml:35:68-177
132
133        <service android:name="com.YourCompany.TryoneTry.OBBDownloaderService" />
133-->src\main\AndroidManifest.xml:36:5-52
133-->src\main\AndroidManifest.xml:36:14-49
134
135        <receiver android:name="com.YourCompany.TryoneTry.AlarmReceiver" />
135-->src\main\AndroidManifest.xml:37:5-46
135-->src\main\AndroidManifest.xml:37:15-43
136        <receiver android:name="com.epicgames.ue4.LocalNotificationReceiver" />
136-->src\main\AndroidManifest.xml:38:5-76
136-->src\main\AndroidManifest.xml:38:15-73
137        <receiver
137-->src\main\AndroidManifest.xml:39:5-43:16
138            android:name="com.epicgames.ue4.MulticastBroadcastReceiver"
138-->src\main\AndroidManifest.xml:39:15-74
139            android:exported="true" >
139-->src\main\AndroidManifest.xml:39:75-98
140            <intent-filter>
140-->src\main\AndroidManifest.xml:40:7-42:23
141                <action android:name="com.android.vending.INSTALL_REFERRER" />
141-->src\main\AndroidManifest.xml:41:9-71
141-->src\main\AndroidManifest.xml:41:17-68
142            </intent-filter>
143        </receiver>
144
145        <meta-data
145-->src\main\AndroidManifest.xml:44:5-73
146            android:name="android.max_aspect"
146-->src\main\AndroidManifest.xml:44:16-49
147            android:value="2.10" />
147-->src\main\AndroidManifest.xml:44:50-70
148
149        <activity
149-->[com.google.android.gms:play-services-auth:11.8.0] AndroidManifest.xml:23:9-27:75
150            android:name="com.google.android.gms.auth.api.signin.internal.SignInHubActivity"
150-->[com.google.android.gms:play-services-auth:11.8.0] AndroidManifest.xml:24:13-93
151            android:excludeFromRecents="true"
151-->[com.google.android.gms:play-services-auth:11.8.0] AndroidManifest.xml:25:13-46
152            android:exported="false"
152-->[com.google.android.gms:play-services-auth:11.8.0] AndroidManifest.xml:26:13-37
153            android:theme="@android:style/Theme.Translucent.NoTitleBar" />
153-->[com.google.android.gms:play-services-auth:11.8.0] AndroidManifest.xml:27:13-72
154        <!--
155            Service handling Google Sign-In user revocation. For apps that do not integrate with
156            Google Sign-In, this service will never be started.
157        -->
158        <service
158-->[com.google.android.gms:play-services-auth:11.8.0] AndroidManifest.xml:33:9-36:110
159            android:name="com.google.android.gms.auth.api.signin.RevocationBoundService"
159-->[com.google.android.gms:play-services-auth:11.8.0] AndroidManifest.xml:34:13-89
160            android:exported="true"
160-->[com.google.android.gms:play-services-auth:11.8.0] AndroidManifest.xml:35:13-36
161            android:permission="com.google.android.gms.auth.api.signin.permission.REVOCATION_NOTIFICATION" />
161-->[com.google.android.gms:play-services-auth:11.8.0] AndroidManifest.xml:36:13-107
162
163        <meta-data
163-->[com.android.billingclient:billing:2.0.3] AndroidManifest.xml:13:9-15:37
164            android:name="com.google.android.play.billingclient.version"
164-->[com.android.billingclient:billing:2.0.3] AndroidManifest.xml:14:13-73
165            android:value="2.0.3" />
165-->[com.android.billingclient:billing:2.0.3] AndroidManifest.xml:15:13-34
166
167        <activity
167-->[com.android.billingclient:billing:2.0.3] AndroidManifest.xml:17:9-20:75
168            android:name="com.android.billingclient.api.ProxyBillingActivity"
168-->[com.android.billingclient:billing:2.0.3] AndroidManifest.xml:18:13-78
169            android:configChanges="keyboard|keyboardHidden|screenLayout|screenSize|orientation"
169-->[com.android.billingclient:billing:2.0.3] AndroidManifest.xml:19:13-96
170            android:theme="@android:style/Theme.Translucent.NoTitleBar" />
170-->[com.android.billingclient:billing:2.0.3] AndroidManifest.xml:20:13-72
171
172        <provider
172-->[android.arch.lifecycle:extensions:1.1.1] AndroidManifest.xml:23:9-27:43
173            android:name="android.arch.lifecycle.ProcessLifecycleOwnerInitializer"
173-->[android.arch.lifecycle:extensions:1.1.1] AndroidManifest.xml:24:13-83
174            android:authorities="com.YourCompany.TryoneTry.lifecycle-trojan"
174-->[android.arch.lifecycle:extensions:1.1.1] AndroidManifest.xml:25:13-68
175            android:exported="false"
175-->[android.arch.lifecycle:extensions:1.1.1] AndroidManifest.xml:26:13-37
176            android:multiprocess="true" />
176-->[android.arch.lifecycle:extensions:1.1.1] AndroidManifest.xml:27:13-40
177
178        <activity
178-->[com.google.android.gms:play-services-base:11.8.0] AndroidManifest.xml:23:9-26:75
179            android:name="com.google.android.gms.common.api.GoogleApiActivity"
179-->[com.google.android.gms:play-services-base:11.8.0] AndroidManifest.xml:24:13-79
180            android:exported="false"
180-->[com.google.android.gms:play-services-base:11.8.0] AndroidManifest.xml:25:13-37
181            android:theme="@android:style/Theme.Translucent.NoTitleBar" />
181-->[com.google.android.gms:play-services-base:11.8.0] AndroidManifest.xml:26:13-72
182    </application>
183
184</manifest>